142
5483 20
31651 85428 19870 56583 64670 79057 6052 71115 90682 58692 48618 61410 43895 3007 27152 53064 54838 70522 471 72869 
6937 20
47247 6552 36164 20272 60107 44769 97743 90470 96138 26012 62652 62072 2814 33859 15426 64550 63659 89923 80846 85692 
5183 16
77213 15272 98307 16578 58191 87588 30363 45499 12674 96415 40603 15475 67503 1046 4666 34946 
5222 19
87267 68892 59049 41400 17264 9465 24693 4876 76267 10641 54397 59752 48701 97060 26173 83599 80462 98254 93170 
4032 16
52001 66853 42375 20194 68112 75291 7520 96724 35908 62227 40324 32155 59059 51048 92981 14852 
6559 15
79134 54466 32993 69005 63406 85010 42056 20328 77860 99683 16951 43420 60536 59253 79197 
8633 18
65450 6963 24477 31777 71976 45900 46131 98111 38962 9625 46064 66129 67844 44818 39974 53911 8506 24125 
1470 16
14903 23366 76277 25241 55394 95132 65082 58597 88669 80351 40701 11762 91232 42391 50506 12250 
2074 17
51412 44979 99422 65019 93740 22159 9542 26233 34582 69436 11830 72944 96591 97607 9539 59350 98036 
4724 10
30970 93002 61668 89948 10120 88888 27207 45997 70830 84899 
1459 11
51146 78474 935 22510 43644 1646 27701 37665 31858 45499 70489 
2376 19
42899 49492 37443 15707 23742 10170 91467 93898 52992 54962 75624 1632 5633 88182 98333 77479 12138 20487 24430 
6829 19
34523 52615 60881 27337 11981 29348 60934 9010 25090 11544 68828 74908 50086 6498 83846 45522 69860 2609 54721 
6309 20
87322 38955 63596 86093 21737 96428 14653 45999 93976 80460 26640 95180 75658 79448 17753 95246 38032 48809 11607 82507 
6934 13
31381 71508 61838 86885 37761 53983 48481 32950 16373 74367 24894 98240 8692 
5250 16
71929 62578 36612 77412 86246 3481 87580 16310 95426 53617 87670 29546 31086 53051 49622 7011 
5133 17
99482 93696 64838 26207 17263 20136 6293 48956 11041 10317 92591 39849 28588 58590 38288 14061 96547 
443 17
3727 21264 42772 37035 95877 10909 33594 64990 76426 37258 95909 87797 41537 85483 5945 86652 33760 
9298 18
69121 73334 34485 70235 33256 58005 62084 39454 54793 69516 30363 47822 55680 31280 72773 26414 15972 36779 
1491 10
64376 26376 32804 36866 52258 89224 72736 46948 40304 40610 
311 16
16057 90667 77658 14278 23380 294 81915 61621 9234 51679 37806 25499 99037 12715 62846 98158 
4 12
88055 84490 39112 16808 75782 24927 14116 89089 3437 50423 7521 7431 
1131 16
84936 46634 76179 63375 84751 10202 90313 29938 59249 27654 77825 48814 57994 77562 51954 1711 
1955 16
18445 33254 29199 12622 34815 83997 43861 59067 13105 47635 23107 82553 76191 85930 83672 63577 
6732 20
73562 13724 8321 11427 54041 64978 6926 93576 5703 42076 15518 29216 28875 68300 41210 51248 18926 63448 20435 1786 
7046 16
20076 78957 86474 59209 97324 12637 9189 78128 3432 90356 80987 47103 57174 19097 68407 25156 
9286 19
26395 61292 4490 66849 91755 43336 12145 99937 86477 87900 44411 50225 27276 78822 33249 26962 11219 4073 5441 
1207 16
39224 80714 48526 76575 29096 46375 54540 97222 49805 74174 57280 80465 79181 70794 38583 13873 
8176 13
899 91599 9621 57667 42862 14628 16355 14198 18106 16290 40020 86706 44656 
2386 13
82456 59997 74830 71459 99353 29437 68008 75808 17124 79983 75001 35659 3100 
9738 12
5879 99559 77572 91283 90910 61396 65988 61321 67808 57908 49316 40248 
6866 15
91368 98480 25496 5166 8553 64764 65174 9448 30622 4819 79346 91843 55404 31645 91496 
5992 19
84303 56265 25656 48718 35818 33392 43879 13735 79453 63560 10937 96542 76410 97239 9899 70214 60611 72864 93708 
4166 13
2875 76300 30910 7037 87852 54322 32465 528 52657 855 30460 80654 69496 
8079 16
12234 7197 82065 21614 61137 78175 41092 81894 88329 8205 40346 42415 18718 78690 14251 35705 
9882 11
92736 11092 58055 21506 407 87633 67493 58916 95506 34929 88230 
601 11
63440 89734 77085 41848 67317 26911 35850 71690 55818 5774 94757 
3556 13
63910 94722 73588 92042 3563 50333 65954 48648 21007 23675 8144 52999 47632 
7990 11
85600 80523 73836 13950 77378 35875 9040 57971 10398 87856 31814 
3269 10
74819 4228 10512 90162 87766 91649 9269 26409 97599 76348 
8064 11
96068 41236 52746 62486 84173 61941 42075 68566 89668 65211 76477 
9146 10
41164 39507 16783 3122 89996 85927 67219 98259 72429 22583 
2898 13
31889 40590 18833 73496 69486 15175 27128 8979 4151 3733 96321 26924 39434 
6459 19
75475 73898 50834 75329 98174 81837 41535 53526 31750 39579 81297 19844 62132 57409 85041 13996 89102 18836 61506 
4730 18
76991 49594 31199 68770 87813 33724 22078 9219 76599 58981 40011 66066 60544 70758 70749 67578 60736 10529 
7772 12
74627 50607 39201 77984 84743 6211 15105 57253 17269 13011 28204 36483 
9632 13
30482 30694 47147 31243 91243 56254 93968 11726 50180 80952 87415 8537 80027 
1555 18
84057 11313 83990 21476 6024 4985 22605 59340 35507 6096 10250 93744 16113 54372 13741 57008 43350 23692 
369 20
9741 3212 42756 79272 68137 30841 6355 15393 78547 77410 26625 51246 32053 92968 9739 35058 13634 74289 72504 5709 
5434 14
11018 88996 90886 27595 42230 76683 59957 303 24601 24010 11851 47199 79426 89994 
3340 18
1489 7453 23964 31484 96673 54815 8177 46621 45755 89643 76201 66710 64382 37866 33191 77225 34884 82696 
989 10
49599 80545 20534 57504 24957 80725 77558 34191 37938 52770 
6038 15
13630 5541 47571 59852 29502 8411 87232 13308 74830 42732 82626 55969 27151 22669 12651 
3931 10
61412 37479 94255 51555 28675 79350 934 93226 91009 71748 
6299 12
5192 70426 34082 27430 11206 92565 19280 756 26663 26214 88770 37835 
9450 13
54552 4898 15265 87559 65268 37346 7204 26656 24297 56124 94101 26143 34613 
4313 12
27686 53735 48231 99308 78749 85470 21468 45976 30755 11128 4332 59 
7571 18
81760 84042 86307 50211 35514 47873 32320 98311 92146 20278 77627 14527 46106 14748 94825 78861 38860 25497 
8750 18
87766 31847 58401 62683 92134 56668 74777 7264 9468 44610 22364 32270 34853 49185 38092 51553 88161 83312 
619 18
69605 63639 90525 32558 28694 73884 62088 19497 60621 75448 40418 65213 93396 94035 56635 21046 29412 5153 
8252 20
7933 15644 66036 24053 29847 62528 1999 37139 3773 95482 75849 23250 43887 48007 82089 41332 36571 70777 22870 36026 
4293 16
14851 26784 44940 96517 39038 62345 55306 90629 56494 7037 8995 21361 23588 50667 16419 19721 
1568 14
4870 28304 11564 53185 88676 97471 97741 88410 34664 42221 59420 43656 89399 91789 
2782 11
7826 13815 64784 82323 81573 18103 8202 35129 20879 39935 49505 
9413 17
9212 77804 78612 43304 70530 49797 87152 56866 77867 21171 37757 127 41591 98988 49055 8928 41002 
8856 18
51397 84352 92966 11056 9159 73870 24370 52675 93358 10002 22168 89133 11143 22229 48490 40028 38140 30784 
8980 19
31898 66435 89104 89455 62517 10443 59705 93758 40741 51046 82184 94757 71553 19127 47794 33813 38563 87720 3363 
822 13
99608 8699 44944 80095 13934 77812 70989 22919 922 77822 9044 83102 36123 
7101 19
40947 27529 51475 32767 91494 91892 39203 57753 69665 6310 64226 25994 80942 38707 24687 92569 11319 1131 2410 
5456 18
25761 37659 22032 87086 57034 23064 2724 36677 65290 6079 52154 26549 71499 59519 2203 82694 8211 83731 
4747 15
66118 99026 67265 83455 62706 90051 85373 73658 38173 18335 37252 77851 39334 23270 88551 
5959 20
46878 73741 46385 55488 87472 77538 80143 43306 7456 35526 72923 82786 63552 38771 96085 32423 77394 35242 30054 99849 
2458 18
13855 29017 47298 53647 64735 44793 23528 88267 27462 16162 24514 48316 21568 24281 42765 93986 28094 78002 
5300 17
68007 31632 35042 48327 66943 38344 29553 79246 34016 95188 1720 68359 74157 66613 7991 64788 1074 
1678 13
32136 8723 6096 4577 68073 77902 81415 77147 64248 25878 22522 90171 88823 
3444 14
69317 39250 17112 28590 44469 68979 98937 37457 80839 82303 58910 36044 41648 48528 
6970 15
99291 46258 46138 6427 57776 14732 37088 56262 99953 79380 89421 22466 61585 39051 52680 
7052 13
83861 33603 69557 79572 58635 79005 84321 27824 64839 62402 40929 87600 69910 
8243 10
638 40459 57482 61019 3259 93152 78655 81504 63983 19476 
8870 11
44939 92039 35629 50069 97506 18761 81469 93405 9805 12501 50887 
795 12
70695 70711 75551 4092 12957 89344 81509 13856 62514 47534 18318 61631 
8463 12
62583 85826 28102 12765 27624 6843 98328 97791 5600 48924 81485 28120 
8695 18
81040 68652 16115 88096 90469 49874 59758 56484 15204 65975 27877 79720 86649 94710 41061 45625 81554 66047 
7005 17
31766 47204 62622 22817 77842 17223 68978 95367 57825 99895 43702 87675 42667 93059 38045 99761 86192 
6031 20
28934 25933 12241 93202 32328 89317 13299 28802 99007 83325 69625 55313 70466 23922 77082 94439 68286 89846 64514 76663 
1656 18
1053 65224 23470 61273 86226 19251 24609 97291 35245 93771 72509 60616 37811 43936 44711 87475 88168 25507 
3204 18
27379 90596 1557 72901 80223 50599 31727 18318 73931 19656 24222 77101 5345 38322 89802 51307 50962 26784 
9211 19
51184 22757 4542 49402 1390 85039 99321 59839 78749 78020 98128 95659 41582 51143 84030 53659 85682 5768 2447 
7342 12
29453 46114 43123 9383 6268 70137 50454 97495 58995 42109 60460 10937 
9822 16
77581 99677 33601 78886 99995 17524 15665 64185 6489 73474 80800 23017 63649 46839 6557 49397 
5740 17
33271 20081 60241 25400 72032 97658 2704 5259 58634 76978 28223 66368 87176 13430 96584 89731 55359 
9575 17
60167 12528 156 6882 67740 96219 64191 54694 7161 56036 8687 89330 89054 38374 88866 46723 59233 
4151 19
94044 16075 81026 2007 55596 90768 1414 4293 4371 13876 50777 21082 64586 4716 80372 87260 83535 23247 61369 
9024 16
8309 37413 23986 35144 26190 80736 77364 81011 53122 41138 38005 88751 61420 75792 87804 1252 
9207 15
66648 92322 52375 55619 20404 81410 71464 26043 31623 9954 99601 16170 98717 5809 1997 
6645 11
55235 80150 82989 68788 5018 73926 6841 67775 22571 11090 98520 
2395 10
48699 78730 84645 65485 22713 37167 32028 56459 55498 29566 
2096 15
68033 41407 31719 16507 92079 50863 85637 46189 64529 49534 90985 34037 46889 68181 29115 
4963 18
47826 39937 99191 21883 13355 36289 28802 32355 67334 31380 61153 99629 28048 21360 34875 44372 42460 62023 
9536 17
7833 80553 96470 43091 86746 47966 78845 9114 23190 96880 38237 95844 37821 2979 40451 98834 7034 
1292 16
25891 56562 84263 29470 62702 54394 5504 87445 33342 54836 87426 96964 22361 23058 54443 23069 
7384 16
68034 88240 62313 56319 31705 56831 87360 13395 72666 32486 12128 95648 81332 22345 24652 82847 
6132 20
24486 78304 70814 72999 26482 51697 31537 49399 91995 7367 3129 99616 70159 22965 82418 35404 31414 86473 98166 53964 
3056 15
82117 8462 97156 62464 74359 33655 7865 69500 51160 40626 70273 94884 39409 28158 53483 
5679 12
36692 82716 91102 43007 67779 11571 76256 26720 3053 73192 78727 9884 
9684 10
37876 73409 42277 37209 83783 11427 29880 6718 44035 60421 
1936 10
77836 64943 25943 81793 35664 95738 20331 82705 40500 79552 
9631 15
42284 16931 12160 44312 9033 83914 82475 77845 80957 52515 97215 77546 63657 21990 59079 
1698 15
94993 42802 21794 22986 79537 76181 86634 42392 3676 63002 71999 45256 86330 44856 63603 
4431 20
63847 17664 28784 55114 57498 14772 7277 45797 55444 91132 41337 74076 27275 5799 79125 41381 60032 86464 18859 38796 
125 19
38475 11431 13083 33912 24555 61022 35507 42699 98081 45043 24320 25834 17310 27867 5506 11494 36357 52647 656 
2369 11
77730 58935 69416 22339 46805 88245 95906 74343 46206 58455 54201 
8271 17
33605 35131 44183 27268 90792 39229 61303 1093 33601 64460 16730 731 14089 25088 20084 66393 69288 
68 13
66584 33438 62543 10197 31459 57548 79229 73468 8566 85163 5298 94481 35280 
1243 10
53716 81991 11720 30294 45667 95145 34869 8279 97141 13218 
3451 12
42694 8338 75367 35367 26070 35432 46614 94360 6588 12294 35345 1958 
8619 20
38054 22350 63017 13613 41380 32981 75489 36119 15338 75063 79332 74371 84382 98662 31004 30076 13798 15139 38880 2992 
4530 20
63425 75613 45342 7712 29429 16339 59736 35237 14970 649 20367 58385 467 87583 77447 49620 81708 36535 59613 35550 
9236 15
14078 23296 83624 96940 53779 4648 87922 15880 99826 64176 37187 7733 6993 72734 50004 
1718 11
17970 13814 42964 58366 94375 9359 45643 42103 85133 7862 85085 
6170 12
24112 90441 85423 84818 29098 42708 58243 81562 41313 89924 24139 87561 
4297 19
8519 19612 5924 85081 25838 35826 55765 596 7838 75660 41818 28652 71757 10514 50128 81533 77693 40342 40293 
3306 17
83493 37210 33651 16998 78504 89523 46355 91251 49472 59778 78551 41945 79610 74779 51387 62590 37296 
7882 19
26343 70924 13054 52830 31968 19528 59705 54913 28478 20779 16120 96887 14164 75740 9650 35166 41924 74373 89172 
8860 15
22107 65666 20279 33211 84585 86828 8608 7541 17304 41353 46033 14415 20185 78009 88729 
965 19
34815 94083 92841 64067 48933 8982 25266 60949 59425 66258 2703 96799 35736 11146 77830 46573 38092 83181 54433 
8651 17
29347 31493 39508 51171 25462 39193 97194 43346 89367 49212 49211 67789 50717 39478 11361 18893 40752 
8673 17
85016 49139 5764 26241 55022 66372 36169 30594 42713 19193 49726 2635 55372 65759 41820 90983 39802 
9811 13
5000 2426 52275 88952 53909 77195 66162 72607 46074 98635 66540 46964 92579 
5287 20
25386 25182 74984 28737 70320 78017 8987 3028 10141 27536 45300 7137 85930 80276 3206 6389 74627 61540 69034 84768 
5395 14
29861 83636 25769 14443 2381 30319 55325 84003 83314 14431 88841 64446 91867 46964 
2966 10
31579 98280 68252 39107 42122 23099 35082 5469 8283 86167 
7472 18
37275 27867 69312 42342 83088 84968 75927 74803 44856 93279 24808 67165 6989 12214 20503 31935 78205 33408 
169 16
11989 16510 34351 98095 88125 83015 89528 80122 24116 6516 64322 41858 82712 69006 79875 25353 
76 17
67143 71229 19617 1634 46769 81635 99304 95928 91509 21821 54818 77142 42055 66622 36898 98446 7302 
5850 20
90104 27306 89722 84580 61219 59268 83442 93765 47391 77873 31379 37964 92879 74062 29926 10978 17739 59326 59172 95232 
7151 10
86023 10556 31687 21172 17264 75861 38851 56613 41231 61179 
1380 12
65757 57926 23151 40701 95000 27951 53081 52981 5747 17512 85103 16270 
2810 14
20616 97101 45996 19048 87619 89705 22565 88796 96518 6405 51528 31727 19061 36956 
7900 15
19580 9484 1548 45436 86698 95984 14669 93517 45093 65968 14390 16426 80151 4690 96564 
9179 18
27370 27945 70881 92369 41473 21076 31591 31331 45699 78309 23794 44050 585 11253 82051 76860 53027 57215 
7584 17
40246 71995 18981 72986 21488 23420 51486 62506 17949 86386 64265 99672 92705 39153 8135 1783 75741 
