19
5 190
23530 38368 31331 99056 87182 59460 81781 72911 74693 75647 9588 63295 81454 71537 1598 48250 53052 42866 41400 22692 22830 42763 52647 71722 58082 13072 78892 82033 46051 33414 71196 9199 37393 90770 60304 5355 5283 14196 50546 71668 93154 19263 49807 27074 89287 1555 97958 50788 24642 91091 18518 19565 64644 38932 42071 24018 12970 65696 52246 50505 84422 16402 8168 53413 64565 62946 98136 77091 75199 81292 63618 52856 62998 2976 53964 99343 89316 74167 93533 17005 17571 89397 14462 47340 4878 27518 61769 3187 53989 43383 47716 13035 71209 60960 87036 29451 47986 91065 24656 15361 3378 1120 81336 65842 86299 28268 98733 33834 33777 7893 84668 1944 20933 4464 2041 52430 2411 53750 1295 67559 36399 22153 12689 33950 29811 78215 87499 48386 15855 54070 41704 26305 15381 81623 62422 44447 10598 45218 35796 29934 89563 35349 70753 35436 92727 71434 77979 55703 151 57797 63095 43136 56118 12594 946 84540 35008 5155 37686 82939 51534 20225 66295 80112 27049 15140 84843 15209 61703 98225 66738 52325 45504 50987 24906 66601 21103 40240 1414 38077 78864 21993 76572 40476 1716 98163 8797 6764 88568 60212 
22 180
99402 7825 34117 67252 40567 41832 42664 82853 14589 39201 13763 37055 39089 58503 71404 81675 8614 57460 52102 4451 35956 21304 21519 2614 43242 24036 46489 27877 26441 21534 27139 96366 8244 99881 71669 52109 35839 6852 46282 17333 9677 15378 57818 78334 10440 19585 40966 81887 34768 79848 11794 2874 86057 72697 17725 19783 29352 65870 19247 85195 10217 2744 48809 34501 72832 41718 34708 17484 11586 45766 46166 80729 4845 8068 82379 35349 71199 82650 17884 80678 47402 62645 17046 68619 33659 82806 69492 44700 39972 4246 49877 6148 18334 53929 69086 89418 46912 73501 80539 44207 4875 72784 44152 64237 94220 58856 31342 26285 51938 9421 58689 20245 87451 74736 68688 32324 329 26994 62067 80423 74036 63202 6824 15640 70635 62217 97 45557 91783 11483 78587 11911 8935 11890 65163 15651 76862 69597 29147 42587 81861 521 43371 77116 25263 14586 94890 98091 6716 65067 32966 31463 13921 70312 86353 48269 2843 74413 97532 74666 84526 39997 10297 38728 76332 24587 10324 67513 11442 73804 50004 29359 41357 93111 16162 70480 5084 22287 56504 95816 
193 170
42106 93905 68600 80366 87322 3441 50139 94856 64375 30790 30850 82429 45704 11602 77135 85350 75182 35363 20320 89584 89740 88129 26558 36300 2204 9956 57385 89871 14212 90926 41092 79388 17595 35137 44550 48936 54513 64295 19600 54039 58984 4898 8972 59911 24656 53346 14722 90747 86256 83294 35331 19071 3776 89567 33674 72184 69405 57783 80730 67486 12289 77751 98754 44061 49349 33496 40040 36339 44627 87916 22850 47342 78278 42696 31305 49270 11176 32428 64815 50275 86678 55852 807 50441 98325 29821 73412 20769 81382 21797 41785 152 32410 31827 24217 79748 10491 5434 5757 63606 20390 21958 22571 58032 15022 20606 83538 27918 85592 69104 70142 48410 19680 86677 16019 76165 77487 27631 79684 84095 16525 20393 6323 7228 98843 72387 63331 35388 59963 8508 84268 22871 51058 82674 99414 79222 53269 42166 95932 20160 88391 56112 63048 83175 209 77694 34298 57029 93408 65170 78125 74775 12783 40847 8123 22022 54422 74590 33714 30681 71310 64445 49077 76508 23409 81567 42 44276 10815 13583 
206 160
16865 82559 31555 71469 19297 44286 19731 79668 12742 4474 48894 77987 41617 60807 29395 99740 16625 43590 78782 49907 92431 61050 72857 93907 9787 10948 70251 90967 28007 41100 41143 21093 54989 86056 8425 14010 69055 61284 56562 1476 16902 18233 70740 43735 21458 81403 23592 99167 14388 13765 98117 79718 5947 81668 7846 10627 2883 82876 36291 17059 15916 7566 64488 5213 75367 17275 69340 45895 78517 95685 61293 29810 63823 46394 41369 52553 88390 50127 5220 85328 74368 83856 9092 89300 75341 51501 90554 13814 86789 73382 32946 14171 54681 85267 82017 75697 10239 36175 99500 31173 83183 65941 63462 32785 78032 93410 47560 54473 28358 19276 19491 38753 55889 43032 30974 66481 7223 12390 76333 64273 47710 17956 12115 77719 20820 53713 97399 75295 54420 39467 29420 15237 17129 62775 4031 59096 19713 6206 61584 53204 54489 62882 93355 58023 40690 73964 95049 29024 24968 78566 93594 3366 36773 95822 74724 16595 75066 33169 55987 1825 
262 131
1580 46783 14829 2124 54579 20883 15822 67218 70334 14305 19817 92130 82522 89369 28659 16577 7118 24368 15839 19363 28729 80114 93310 24602 12448 74433 65585 44359 90582 61691 70827 54232 89594 47481 95048 45225 97433 16203 75673 45469 73859 88058 4799 72674 33392 35458 43920 97882 84572 85474 22730 43543 89386 47102 82260 23551 64730 99450 42364 37789 11434 89971 93288 26192 17499 12111 10954 92854 94729 81620 56052 12508 60754 27402 38424 45215 86987 42335 67383 21976 17756 85546 76607 15053 57889 17001 94925 82020 70922 65673 96476 39470 50006 4522 43978 63949 44718 78719 8056 2312 87214 94310 78684 96337 32101 29163 99615 38949 70040 75290 90673 17405 91555 89269 1823 10471 69622 56108 36732 61339 42949 37771 66322 72467 575 44800 62843 82399 44751 79146 92361 
272 140
45439 77231 25607 81420 75157 49300 87145 40099 94997 59591 84013 88628 86380 15006 78758 30878 65532 1907 63923 70095 67296 93660 59984 56591 32961 92626 59411 46912 90246 24172 2711 56201 94291 41680 50258 48533 84434 58412 74046 32752 88050 29727 57742 90480 34298 65545 53603 17769 92255 3213 23216 77370 17755 34232 18409 67556 87342 99948 82322 41319 65790 43650 80754 27628 48705 96130 47013 93003 21541 41434 87905 39294 5126 23962 45894 52401 57816 41941 32340 50809 51912 99973 5667 47902 87981 33879 26175 74442 73874 52582 2831 70204 23237 94305 29881 91629 41402 42277 95222 21941 21795 14234 22044 90375 69895 12191 74317 84017 58568 91856 26138 44919 15970 12152 41438 45125 40383 82998 88151 69787 50447 17086 44547 86059 93734 98750 50341 90856 5377 38028 74768 60328 94889 6026 68095 9689 82570 16343 7155 31045 
277 130
17352 32165 18851 10706 99674 4519 36350 366 97689 58422 79730 27229 73397 95369 44684 46050 4594 26242 84588 54931 20565 92567 71050 56751 60092 59823 47557 58755 91163 67923 26668 31404 85012 42345 20906 80794 66211 17918 80219 74574 88976 5057 44117 94214 79019 24655 95649 64800 17550 2288 52775 48863 25063 10521 55194 73755 2433 59744 97902 82593 18283 24698 42794 58547 86798 44532 60555 80249 67927 36521 81843 91623 86561 68681 45469 61163 36271 66940 66315 15371 15989 99286 32654 87584 95438 667 9513 10371 94330 95150 66449 63388 72328 45942 1018 24983 59458 38729 78087 59765 54500 68928 93334 49699 87023 66833 76894 28205 39797 50772 79586 74496 83695 32872 73788 96785 53453 56397 99829 36632 65857 2580 89114 81686 6817 79373 30554 42713 9006 76865 
319 120
79990 4386 95445 66795 2178 85961 76425 94346 98215 31463 68108 58061 3933 19854 42137 94718 58354 41509 7484 41630 41833 40817 64962 59817 57793 22723 68492 13306 62504 88181 70252 51412 13584 75409 27731 40125 93812 35260 49335 71734 53213 40628 72069 19972 5870 28725 2307 10517 15098 10319 16484 43326 63359 3878 79727 2083 91585 42765 3355 48273 36364 68366 18517 17496 24297 87358 21424 99689 74448 56114 11571 75823 77606 20993 63136 98060 91178 87098 99229 57598 81742 61281 64689 12772 65664 8145 72297 94702 26504 9117 84715 47458 306 25494 62392 34073 56176 36127 80143 1046 92097 51270 37337 31551 16895 27958 2841 6929 56071 75691 63288 24323 35509 52019 47418 56090 77995 90999 55329 24506 
331 110
79228 52309 77625 35538 28590 26205 16373 64786 66317 12480 2389 25748 26496 26069 8831 90823 49021 38007 85777 27342 1927 9062 81723 3970 88801 19571 91411 64542 23191 78696 7874 56609 43099 43710 8416 36616 56090 38460 9185 3252 20196 29315 42793 48897 50742 5373 61151 69464 5154 98254 17140 97414 22968 88812 53530 51424 35253 93640 15119 48568 392 29251 76428 28292 33154 11060 75048 81403 75278 92791 34009 59963 7717 99821 99909 5623 4335 73060 52771 95958 56065 27466 91768 59015 54221 21817 34871 94257 56540 84513 74491 20278 20527 61784 64671 7456 66392 32198 91529 20437 6295 64346 32937 27168 25351 26783 66598 52393 91146 29956 
345 100
46985 88034 24396 44186 99573 66424 43403 54246 17112 34563 38090 77395 21234 84537 7777 73101 3765 92878 39723 91070 12067 77803 81255 46117 29808 41421 79350 28414 63072 50393 79812 58500 55167 26285 42787 11301 17998 59486 93087 39161 36159 27618 61252 57192 42975 42969 76230 12683 11124 55642 85470 89696 15948 47473 19617 14866 97358 28809 44133 55597 45100 85400 66584 3655 44788 42097 92093 53188 33490 39399 98240 18172 28497 82875 61573 4514 72556 88876 51514 97985 62184 53543 23266 64056 50959 35707 56296 2057 71997 63839 4238 49512 94294 85158 23159 51207 15251 51828 23845 47260 
414 90
45962 17687 13284 95301 35336 20221 95059 67099 37384 47762 72403 73272 56582 49854 88161 37190 97957 73521 34030 46604 37575 66569 65241 4643 38344 43457 43231 8168 30222 79637 42017 58184 88281 11383 30730 13663 64099 55948 16690 12193 67960 61883 817 89207 44615 44290 32170 3435 41709 22259 37182 42299 44195 7260 1560 74179 95543 81554 44739 89246 30117 75037 10060 36469 4089 60770 21703 52653 96877 16090 39056 31418 98788 86592 9534 86061 62505 95045 6318 31712 84805 35868 82238 22190 15528 99453 67717 19250 72523 22235 
418 80
27578 81072 36469 65882 63840 39161 89673 56353 38568 21036 78154 27686 50961 42031 24026 33266 87646 58053 18936 13089 13282 6396 23671 42840 57386 14928 1879 86101 56455 55576 14550 90631 585 37305 27903 63637 62866 29172 61233 39544 34586 96716 13973 53024 97752 48453 52816 91878 24968 72550 7628 44805 4412 98089 69175 56196 97256 18801 96295 79644 59628 81307 13686 25475 325 1418 58864 98163 52654 74933 34333 94055 24676 24637 12505 24930 48766 32914 24092 27412 
419 70
80892 31534 95705 36407 3812 88000 21905 15024 26504 39190 45592 21098 48309 20845 9849 96892 34541 40064 41014 15275 95406 88261 29126 49455 47792 22493 91237 84543 16286 51822 97769 54858 91204 47620 22996 21504 96885 41270 89051 68219 20382 2337 87941 19108 53591 36731 68394 50333 59968 45332 79749 98088 13771 22915 54699 48177 77698 58405 96394 4942 76310 36922 61287 44076 42657 10245 12075 88652 95891 75230 
423 60
54115 54245 39174 18023 14260 38223 39348 18964 78280 65191 42076 31825 94128 25281 57761 48034 41787 11857 91969 17864 39581 90773 57102 78670 76465 64854 27046 13696 55241 85565 59941 38122 52477 70936 55459 47573 63717 50431 25557 15156 31247 59120 13769 37612 73350 57709 42377 22721 52814 87020 85044 39106 51959 87770 42922 7321 61306 72419 53593 83642 
439 50
72027 63890 48539 52321 40233 37067 38099 34243 71266 82819 20065 54973 63144 54842 3254 6732 29835 92919 60353 75815 50868 9232 37242 975 71974 90862 43696 73412 63802 90620 84511 33748 67525 28966 18408 91341 10717 56523 52248 2368 77225 4671 73238 36832 7833 81375 24541 38242 88888 15720 
458 40
9891 98065 60314 83171 15941 84843 66729 93039 95597 6533 41149 83092 41190 37243 29474 51369 36695 51083 17137 20887 44717 15034 57920 69896 67418 97114 6398 15485 41723 24183 54747 82879 1820 21063 75223 10663 67085 60518 79181 2640 
526 30
55418 99629 41616 39277 18381 51361 6541 59754 68202 15945 10536 44042 15241 51393 99097 52510 55616 68776 42578 7874 26249 87050 58819 43931 72474 76790 59986 11921 55644 87383 
547 20
97733 33417 98381 60743 64037 65628 55761 53698 82153 25698 58673 95726 15841 50212 23307 46218 85226 23295 83097 87300 
637 10
59074 92226 59247 31159 12669 62006 47302 15359 11979 24874 
